生成启动时间为 2017/5/11 17:12:23。
     1>项目“C:\Users\lln1551\Documents\GitHub\LearnOpenGL\LearnOpenGL\LearnOpenGL\LearnOpenGL.vcxproj”在节点 2 上(Build 个目标)。
     1>ClCompile:
         E:\software\vs2013\VC\bin\CL.exe /c /ZI /nologo /W3 /WX- /sdl /Od /Oy- /D _MBCS /Gm /EHsc /RTC1 /MT /GS /fp:precise /Zc:wchar_t /Zc:forScope /Fo"Debug\\" /Fd"Debug\vc120.pdb" /Gd /TP /analyze- /errorReport:prompt colors.cpp
         colors.cpp
     1>c:\users\lln1551\documents\github\learnopengl\learnopengl\learnopengl\colors.cpp(163): warning C4244: “初始化”: 从“double”转换到“GLfloat”，可能丢失数据
     1>c:\users\lln1551\documents\github\learnopengl\learnopengl\learnopengl\colors.cpp(267): warning C4244: “=”: 从“double”转换到“GLfloat”，可能丢失数据
     1>c:\users\lln1551\documents\github\learnopengl\learnopengl\learnopengl\colors.cpp(268): warning C4244: “=”: 从“double”转换到“GLfloat”，可能丢失数据
     1>c:\users\lln1551\documents\github\learnopengl\learnopengl\learnopengl\colors.cpp(272): warning C4244: “初始化”: 从“double”转换到“GLfloat”，可能丢失数据
     1>c:\users\lln1551\documents\github\learnopengl\learnopengl\learnopengl\colors.cpp(273): warning C4244: “初始化”: 从“double”转换到“GLfloat”，可能丢失数据
     1>c:\users\lln1551\documents\github\learnopengl\learnopengl\learnopengl\colors.cpp(275): warning C4244: “=”: 从“double”转换到“GLfloat”，可能丢失数据
     1>c:\users\lln1551\documents\github\learnopengl\learnopengl\learnopengl\colors.cpp(276): warning C4244: “=”: 从“double”转换到“GLfloat”，可能丢失数据
     1>c:\users\lln1551\documents\github\learnopengl\learnopengl\learnopengl\colors.cpp(283): warning C4244: “参数”: 从“double”转换到“GLfloat”，可能丢失数据
       Link:
         E:\software\vs2013\VC\bin\link.exe /ERRORREPORT:PROMPT /OUT:"C:\Users\lln1551\Documents\GitHub\LearnOpenGL\LearnOpenGL\Debug\LearnOpenGL.exe" /INCREMENTAL /NOLOGO kernel32.lib user32.lib gdi32.lib winspool.lib comdlg32.lib SOIL.lib advapi32.lib shell32.lib ole32.lib oleaut32.lib uuid.lib odbc32.lib odbccp32.lib opengl32.lib glew32s.lib glfw3.lib kernel32.lib user32.lib gdi32.lib winspool.lib comdlg32.lib advapi32.lib shell32.lib ole32.lib oleaut32.lib uuid.lib odbc32.lib odbccp32.lib /NODEFAULTLIB:LIBCMT /MANIFEST /MANIFESTUAC:"level='asInvoker' uiAccess='false'" /manifest:embed /DEBUG /PDB:"C:\Users\lln1551\Documents\GitHub\LearnOpenGL\LearnOpenGL\Debug\LearnOpenGL.pdb" /TLBID:1 /DYNAMICBASE /NXCOMPAT /IMPLIB:"C:\Users\lln1551\Documents\GitHub\LearnOpenGL\LearnOpenGL\Debug\LearnOpenGL.lib" /MACHINE:X86 Debug\Camera.obj
         Debug\colors.obj
         Debug\CoordSystem.obj
         Debug\HelloTriangle.obj
         Debug\HelloWindow.obj
         Debug\main.obj
         Debug\MainWindow.obj
         Debug\Textures.obj
         Debug\Transformations.obj
     1>LINK : warning LNK4098: 默认库“MSVCRT”与其他库的使用冲突；请使用 /NODEFAULTLIB:library
     1>CoordSystem.obj : warning LNK4049: 已导入本地定义的符号 ___glewActiveTexture
     1>CoordSystem.obj : warning LNK4049: 已导入本地定义的符号 ___glewBindBuffer
     1>CoordSystem.obj : warning LNK4049: 已导入本地定义的符号 ___glewBufferData
     1>CoordSystem.obj : warning LNK4049: 已导入本地定义的符号 ___glewDeleteBuffers
     1>CoordSystem.obj : warning LNK4049: 已导入本地定义的符号 ___glewGenBuffers
     1>CoordSystem.obj : warning LNK4049: 已导入本地定义的符号 ___glewAttachShader
     1>CoordSystem.obj : warning LNK4049: 已导入本地定义的符号 ___glewCompileShader
     1>CoordSystem.obj : warning LNK4049: 已导入本地定义的符号 ___glewCreateProgram
     1>CoordSystem.obj : warning LNK4049: 已导入本地定义的符号 ___glewCreateShader
     1>CoordSystem.obj : warning LNK4049: 已导入本地定义的符号 ___glewDeleteShader
     1>CoordSystem.obj : warning LNK4049: 已导入本地定义的符号 ___glewEnableVertexAttribArray
     1>CoordSystem.obj : warning LNK4049: 已导入本地定义的符号 ___glewGetProgramInfoLog
     1>CoordSystem.obj : warning LNK4049: 已导入本地定义的符号 ___glewGetProgramiv
     1>CoordSystem.obj : warning LNK4049: 已导入本地定义的符号 ___glewGetShaderInfoLog
     1>CoordSystem.obj : warning LNK4049: 已导入本地定义的符号 ___glewGetShaderiv
     1>CoordSystem.obj : warning LNK4049: 已导入本地定义的符号 ___glewGetUniformLocation
     1>CoordSystem.obj : warning LNK4049: 已导入本地定义的符号 ___glewLinkProgram
     1>CoordSystem.obj : warning LNK4049: 已导入本地定义的符号 ___glewShaderSource
     1>CoordSystem.obj : warning LNK4049: 已导入本地定义的符号 ___glewUniform1i
     1>CoordSystem.obj : warning LNK4049: 已导入本地定义的符号 ___glewUniformMatrix4fv
     1>CoordSystem.obj : warning LNK4049: 已导入本地定义的符号 ___glewUseProgram
     1>CoordSystem.obj : warning LNK4049: 已导入本地定义的符号 ___glewVertexAttribPointer
     1>CoordSystem.obj : warning LNK4049: 已导入本地定义的符号 ___glewGenerateMipmap
     1>CoordSystem.obj : warning LNK4049: 已导入本地定义的符号 ___glewBindVertexArray
     1>CoordSystem.obj : warning LNK4049: 已导入本地定义的符号 ___glewDeleteVertexArrays
     1>CoordSystem.obj : warning LNK4049: 已导入本地定义的符号 ___glewGenVertexArrays
     1>glew32s.lib(glew.obj) : warning LNK4099: 未找到 PDB“vc120.pdb”(使用“glew32s.lib(glew.obj)”或在“C:\Users\lln1551\Documents\GitHub\LearnOpenGL\LearnOpenGL\Debug\vc120.pdb”中寻找)；正在链接对象，如同没有调试信息一样
         LearnOpenGL.vcxproj -> C:\Users\lln1551\Documents\GitHub\LearnOpenGL\LearnOpenGL\Debug\LearnOpenGL.exe
     1>已完成生成项目“C:\Users\lln1551\Documents\GitHub\LearnOpenGL\LearnOpenGL\LearnOpenGL\LearnOpenGL.vcxproj”(Build 个目标)的操作。

生成成功。

已用时间 00:00:01.34
